[[2022-11-29][19:38:16.043]] [INFO][rocket::launch] [🔧 Configured for debug.]
[[2022-11-29][19:38:16.044]] [INFO][rocket::launch_] [address: [1;49;39m127.0.0.1[0m]
[[2022-11-29][19:38:16.044]] [INFO][rocket::launch_] [port: [1;49;39m8000[0m]
[[2022-11-29][19:38:16.045]] [INFO][rocket::launch_] [workers: [1;49;39m8[0m]
[[2022-11-29][19:38:16.045]] [INFO][rocket::launch_] [ident: [1;49;39mRocket[0m]
[[2022-11-29][19:38:16.045]] [INFO][rocket::launch_] [limits: [1;49;39mbytes = 8KiB, data-form = 2MiB, file = 1MiB, form = 32KiB, json = 1MiB, msgpack = 1MiB, string = 8KiB[0m]
[[2022-11-29][19:38:16.045]] [INFO][rocket::launch_] [temp dir: [1;49;39m/var/folders/rg/3g8ncm791qd467fwf79t3l9w0000gn/T/[0m]
[[2022-11-29][19:38:16.046]] [INFO][rocket::launch_] [http/2: [1;49;39mtrue[0m]
[[2022-11-29][19:38:16.046]] [INFO][rocket::launch_] [keep-alive: [1;49;39m5[0m[1;49;39ms[0m]
[[2022-11-29][19:38:16.046]] [INFO][rocket::launch_] [tls: [1;49;39mdisabled[0m]
[[2022-11-29][19:38:16.046]] [INFO][rocket::launch_] [secret key: [1;49;39m[generated][0m]
[[2022-11-29][19:38:16.046]] [WARN][rocket::config::config] [secrets enabled without a stable `secret_key`]
[[2022-11-29][19:38:16.047]] [INFO][rocket::launch_] [disable `secrets` feature or configure a `secret_key`]
[[2022-11-29][19:38:16.047]] [INFO][rocket::launch_] [this becomes an [31merror[0m in non-debug profiles]
[[2022-11-29][19:38:16.047]] [INFO][rocket::launch_] [shutdown: [1;49;39mctrlc = true, force = true, signals = [SIGTERM], grace = 2s, mercy = 3s[0m]
[[2022-11-29][19:38:16.047]] [INFO][rocket::launch_] [log level: [1;49;39mnormal[0m]
[[2022-11-29][19:38:16.048]] [INFO][rocket::launch_] [cli colors: [1;49;39mtrue[0m]
[[2022-11-29][19:38:16.104]] [INFO][rocket::launch] [📡 [35mFairings[0m:]
[[2022-11-29][19:38:16.104]] [INFO][rocket::launch_] [[1;49;39mShield[0m ([1;34mliftoff, response, singleton[0m)]
[[2022-11-29][19:38:16.144]] [INFO][rocket::shield::shield] [🛡️ [35mShield[0m:]
[[2022-11-29][19:38:16.144]] [INFO][_] [Permissions-Policy: [49;39minterest-cohort=()[0m]
[[2022-11-29][19:38:16.145]] [INFO][_] [X-Frame-Options: [49;39mSAMEORIGIN[0m]
[[2022-11-29][19:38:16.145]] [INFO][_] [X-Content-Type-Options: [49;39mnosniff[0m]
[[2022-11-29][19:38:16.150]] [INFO][rocket::launch] [🚀 [1;49;39mRocket has launched from[0m [1;4;49;39mhttp://127.0.0.1:8000[0m]
[[2022-11-29][19:47:10.645]] [WARN][rocket::server] [Received SIGINT. Requesting shutdown.]
[[2022-11-29][19:47:10.647]] [INFO][rocket::server] [Shutdown requested. Waiting for pending I/O...]
[[2022-11-29][19:47:10.648]] [INFO][rocket::server] [Graceful shutdown completed successfully.]
[[2022-11-29][21:03:06.445]] [INFO][rocket::launch] [🔧 Configured for debug.]
[[2022-11-29][21:03:06.445]] [INFO][rocket::launch_] [address: [1;49;39m127.0.0.1[0m]
[[2022-11-29][21:03:06.446]] [INFO][rocket::launch_] [port: [1;49;39m8000[0m]
[[2022-11-29][21:03:06.446]] [INFO][rocket::launch_] [workers: [1;49;39m8[0m]
[[2022-11-29][21:03:06.446]] [INFO][rocket::launch_] [ident: [1;49;39mRocket[0m]
[[2022-11-29][21:03:06.446]] [INFO][rocket::launch_] [limits: [1;49;39mbytes = 8KiB, data-form = 2MiB, file = 1MiB, form = 32KiB, json = 1MiB, msgpack = 1MiB, string = 8KiB[0m]
[[2022-11-29][21:03:06.447]] [INFO][rocket::launch_] [temp dir: [1;49;39m/tmp[0m]
[[2022-11-29][21:03:06.447]] [INFO][rocket::launch_] [http/2: [1;49;39mtrue[0m]
[[2022-11-29][21:03:06.448]] [INFO][rocket::launch_] [keep-alive: [1;49;39m5[0m[1;49;39ms[0m]
[[2022-11-29][21:03:06.448]] [INFO][rocket::launch_] [tls: [1;49;39mdisabled[0m]
[[2022-11-29][21:03:06.448]] [INFO][rocket::launch_] [secret key: [1;49;39m[generated][0m]
[[2022-11-29][21:03:06.449]] [WARN][rocket::config::config] [secrets enabled without a stable `secret_key`]
[[2022-11-29][21:03:06.449]] [INFO][rocket::launch_] [disable `secrets` feature or configure a `secret_key`]
[[2022-11-29][21:03:06.449]] [INFO][rocket::launch_] [this becomes an [31merror[0m in non-debug profiles]
[[2022-11-29][21:03:06.450]] [INFO][rocket::launch_] [shutdown: [1;49;39mctrlc = true, force = true, signals = [SIGTERM], grace = 2s, mercy = 3s[0m]
[[2022-11-29][21:03:06.450]] [INFO][rocket::launch_] [log level: [1;49;39mnormal[0m]
[[2022-11-29][21:03:06.451]] [INFO][rocket::launch_] [cli colors: [1;49;39mtrue[0m]
[[2022-11-29][21:03:06.491]] [INFO][rocket::launch] [📬 [35mRoutes[0m:]
[[2022-11-29][21:03:06.492]] [INFO][rocket::launch_] [[36m([0m[37mindex[0m[36m)[0m [32mGET[0m [34m/[0m]
[[2022-11-29][21:03:06.541]] [INFO][rocket::launch] [📡 [35mFairings[0m:]
[[2022-11-29][21:03:06.541]] [INFO][rocket::launch_] [[1;49;39mShield[0m ([1;34mliftoff, response, singleton[0m)]
[[2022-11-29][21:03:06.580]] [INFO][rocket::shield::shield] [🛡️ [35mShield[0m:]
[[2022-11-29][21:03:06.580]] [INFO][_] [Permissions-Policy: [49;39minterest-cohort=()[0m]
[[2022-11-29][21:03:06.581]] [INFO][_] [X-Content-Type-Options: [49;39mnosniff[0m]
[[2022-11-29][21:03:06.581]] [INFO][_] [X-Frame-Options: [49;39mSAMEORIGIN[0m]
[[2022-11-29][21:03:06.586]] [INFO][rocket::launch] [🚀 [1;49;39mRocket has launched from[0m [1;4;49;39mhttp://127.0.0.1:8000[0m]
[[2022-11-29][21:03:20.993]] [INFO][rocket::server] [[32mGET[0m [34m/[0m [33mtext[0m[33m/[0m[33mhtml[0m:]
[[2022-11-29][21:03:20.994]] [INFO][_] [Matched: [36m([0m[37mindex[0m[36m)[0m [32mGET[0m [34m/[0m]
[[2022-11-29][21:03:20.995]] [INFO][_] [[1;49;39mOutcome:[0m [49;32mSuccess[0m]
[[2022-11-29][21:03:21.011]] [INFO][_] [[32mResponse succeeded.[0m]
[[2022-11-29][21:03:21.023]] [INFO][rocket::server] [[32mGET[0m [34m/[0m [33mtext[0m[33m/[0m[33mhtml[0m:]
[[2022-11-29][21:03:21.024]] [INFO][_] [Matched: [36m([0m[37mindex[0m[36m)[0m [32mGET[0m [34m/[0m]
[[2022-11-29][21:03:21.025]] [INFO][_] [[1;49;39mOutcome:[0m [49;32mSuccess[0m]
[[2022-11-29][21:03:21.026]] [INFO][_] [[32mResponse succeeded.[0m]
[[2022-11-29][21:03:22.596]] [INFO][rocket::server] [[32mGET[0m [34m/favicon.ico[0m [33mimage[0m[33m/[0m[33mavif[0m:]
[[2022-11-29][21:03:22.597]] [ERROR][_] [No matching routes for [32mGET[0m [34m/favicon.ico[0m [33mimage[0m[33m/[0m[33mavif[0m.]
[[2022-11-29][21:03:22.606]] [WARN][_] [No [1;34m404[0m catcher registered. Using Rocket default.]
[[2022-11-29][21:03:22.608]] [INFO][_] [[32mResponse succeeded.[0m]
[[2022-11-29][21:06:33.139]] [WARN][rocket::server] [Received SIGINT. Requesting shutdown.]
[[2022-11-29][21:06:33.143]] [INFO][rocket::server] [Shutdown requested. Waiting for pending I/O...]
[[2022-11-29][21:06:33.145]] [INFO][rocket::server] [Graceful shutdown completed successfully.]
